{
  "stats": {
    "suites": 1,
    "tests": 4,
    "passes": 4,
    "pending": 0,
    "failures": 0,
    "start": "2019-05-09T13:51:18.841Z",
    "end": "2019-05-09T13:51:18.888Z",
    "duration": 47,
    "testsRegistered": 4,
    "passPercent": 100,
    "pendingPercent": 0,
    "other": 0,
    "hasOther": false,
    "skipped": 0,
    "hasSkipped": false,
    "passPercentClass": "success",
    "pendingPercentClass": "danger"
  },
  "suites": {
    "uuid": "6b1faf51-0872-42e9-a92b-cc0b0cc0de12",
    "title": "",
    "fullFile": "",
    "file": "",
    "beforeHooks": [],
    "afterHooks": [],
    "tests": [],
    "suites": [
      {
        "uuid": "d2ad1a6e-999b-4e3a-b915-73e1a33e7609",
        "title": " its return boolean value ",
        "fullFile": "c:\\Users\\DEEPU\\Desktop\\javascript\\test\\test2.js",
        "file": "\\test2.js",
        "beforeHooks": [],
        "afterHooks": [],
        "tests": [
          {
            "title": "it should be return true or false",
            "fullTitle": " its return boolean value  it should be return true or false",
            "timedOut": false,
            "duration": 5,
            "state": "passed",
            "speed": "fast",
            "pass": true,
            "fail": false,
            "pending": false,
            "code": "let result=balancedParentheses\nassert.isBoolean(result)",
            "err": {},
            "isRoot": false,
            "uuid": "e1f9ca84-038f-47d8-b332-c22b724f4dcb",
            "isHook": false,
            "skipped": false
          },
          {
            "title": "it should be return not NaN value",
            "fullTitle": " its return boolean value  it should be return not NaN value",
            "timedOut": false,
            "duration": 0,
            "state": "passed",
            "speed": "fast",
            "pass": true,
            "fail": false,
            "pending": false,
            "code": "let result=balancedParentheses\nassert.isNotNaN(result)",
            "err": {},
            "isRoot": false,
            "uuid": "fcf51eff-2df2-4e9f-b5ae-6db4f5143b94",
            "isHook": false,
            "skipped": false
          },
          {
            "title": "it should be return not string",
            "fullTitle": " its return boolean value  it should be return not string",
            "timedOut": false,
            "duration": 0,
            "state": "passed",
            "speed": "fast",
            "pass": true,
            "fail": false,
            "pending": false,
            "code": "let result=balancedParentheses\nassert.isNotString(result)",
            "err": {},
            "isRoot": false,
            "uuid": "31c11813-71e9-4644-835a-6c46255e1527",
            "isHook": false,
            "skipped": false
          },
          {
            "title": "it should be return not number value",
            "fullTitle": " its return boolean value  it should be return not number value",
            "timedOut": false,
            "duration": 0,
            "state": "passed",
            "speed": "fast",
            "pass": true,
            "fail": false,
            "pending": false,
            "code": "let result=balancedParentheses\nassert.isNotNumber(result)",
            "err": {},
            "isRoot": false,
            "uuid": "59abfa3c-ff5c-49a2-b814-426be54e80b8",
            "isHook": false,
            "skipped": false
          }
        ],
        "suites": [],
        "passes": [
          "e1f9ca84-038f-47d8-b332-c22b724f4dcb",
          "fcf51eff-2df2-4e9f-b5ae-6db4f5143b94",
          "31c11813-71e9-4644-835a-6c46255e1527",
          "59abfa3c-ff5c-49a2-b814-426be54e80b8"
        ],
        "failures": [],
        "pending": [],
        "skipped": [],
        "duration": 5,
        "root": false,
        "rootEmpty": false,
        "_timeout": 2000
      }
    ],
    "passes": [],
    "failures": [],
    "pending": [],
    "skipped": [],
    "duration": 0,
    "root": true,
    "rootEmpty": true,
    "_timeout": 2000
  },
  "copyrightYear": 2019
}